<?xml version="1.0" encoding="UTF-8"?>
<testng-results skipped="0" failed="0" total="2" passed="2">
  <reporter-output>
    <line>
      <![CDATA[title is matching]]>
    </line>
  </reporter-output>
  <suite name="Suite" duration-ms="200825" started-at="2017-10-30T09:27:23Z" finished-at="2017-10-30T09:30:44Z">
    <groups>
    </groups>
    <test name="Test" duration-ms="200825" started-at="2017-10-30T09:27:23Z" finished-at="2017-10-30T09:30:44Z">
      <class name="script.validdetailentry">
        <test-method status="PASS" signature="openAppln()[pri:0, instance:script.validdetailentry@5034c75a]" name="openAppln" is-config="true" duration-ms="41569" started-at="2017-10-30T14:58:22Z" finished-at="2017-10-30T14:59:04Z">
          <reporter-output>
          </reporter-output>
        </test-method> <!-- openAppln -->
        <test-method status="PASS" signature="entry()[pri:0, instance:script.validdetailentry@5034c75a]" name="entry" duration-ms="98410" started-at="2017-10-30T14:59:04Z" finished-at="2017-10-30T15:00:42Z">
          <reporter-output>
          </reporter-output>
        </test-method> <!-- entry -->
        <test-method status="PASS" signature="closeAppln()[pri:0, instance:script.validdetailentry@5034c75a]" name="closeAppln" is-config="true" duration-ms="1113" started-at="2017-10-30T15:00:42Z" finished-at="2017-10-30T15:00:44Z">
          <reporter-output>
          </reporter-output>
        </test-method> <!-- closeAppln -->
      </class> <!-- script.validdetailentry -->
      <class name="script.healthinfoentry">
        <test-method status="PASS" signature="openAppln()[pri:0, instance:script.healthinfoentry@51efea79]" name="openAppln" is-config="true" duration-ms="54292" started-at="2017-10-30T14:57:23Z" finished-at="2017-10-30T14:58:17Z">
          <reporter-output>
          </reporter-output>
        </test-method> <!-- openAppln -->
        <test-method status="PASS" signature="verifypolicyhomepage()[pri:0, instance:script.healthinfoentry@51efea79]" name="verifypolicyhomepage" duration-ms="4230" started-at="2017-10-30T14:58:17Z" finished-at="2017-10-30T14:58:21Z">
          <reporter-output>
            <line>
              <![CDATA[title is matching]]>
            </line>
          </reporter-output>
        </test-method> <!-- verifypolicyhomepage -->
        <test-method status="PASS" signature="closeAppln()[pri:0, instance:script.healthinfoentry@51efea79]" name="closeAppln" is-config="true" duration-ms="1197" started-at="2017-10-30T14:58:21Z" finished-at="2017-10-30T14:58:22Z">
          <reporter-output>
          </reporter-output>
        </test-method> <!-- closeAppln -->
      </class> <!-- script.healthinfoentry -->
    </test> <!-- Test -->
  </suite> <!-- Suite -->
</testng-results>
